<?xml version="1.0" encoding="UTF-8"?>
<!-- Generated by org.testng.reporters.JUnitReportReporter -->
<testsuite skipped="0" hostname="AsHraf" name="com.sk.pages.home.HomePage" tests="1" failures="0" timestamp="05 Oct 2019 21:04:32 GMT" time="23.316" errors="0">
  <testcase name="launchBrowser" time="23.316" classname="com.sk.pages.home.HomePage"/>
</testsuite> <!-- com.sk.pages.home.HomePage -->
